<?xml version="1.0" encoding="UTF-8"?>
<testsuite xmlns:xsi="http://www.w3.org/2001/XMLSchema-instance" xsi:noNamespaceSchemaLocation="https://maven.apache.org/surefire/maven-surefire-plugin/xsd/surefire-test-report-3.0.xsd" version="3.0" name="TestSuite" time="114.039" tests="2" errors="0" skipped="0" failures="0">
  <properties>
    <property name="sun.desktop" value="windows"/>
    <property name="awt.toolkit" value="sun.awt.windows.WToolkit"/>
    <property name="file.encoding.pkg" value="sun.io"/>
    <property name="java.specification.version" value="1.8"/>
    <property name="webdriver.chrome.driver" value="./Drivers\chromedriver.exe"/>
    <property name="sun.cpu.isalist" value="amd64"/>
    <property name="sun.jnu.encoding" value="Cp1252"/>
    <property name="java.class.path" value="C:\Users\orange\eclipse-workspace\Selenium_Test_Framework\target\test-classes;C:\Users\orange\eclipse-workspace\Selenium_Test_Framework\target\classes;C:\Users\orange\.m2\repository\junit\junit\3.8.1\junit-3.8.1.jar;C:\Users\orange\.m2\repository\org\seleniumhq\selenium\selenium-java\3.141.59\selenium-java-3.141.59.jar;C:\Users\orange\.m2\repository\org\seleniumhq\selenium\selenium-api\3.141.59\selenium-api-3.141.59.jar;C:\Users\orange\.m2\repository\org\seleniumhq\selenium\selenium-chrome-driver\3.141.59\selenium-chrome-driver-3.141.59.jar;C:\Users\orange\.m2\repository\org\seleniumhq\selenium\selenium-edge-driver\3.141.59\selenium-edge-driver-3.141.59.jar;C:\Users\orange\.m2\repository\org\seleniumhq\selenium\selenium-firefox-driver\3.141.59\selenium-firefox-driver-3.141.59.jar;C:\Users\orange\.m2\repository\org\seleniumhq\selenium\selenium-ie-driver\3.141.59\selenium-ie-driver-3.141.59.jar;C:\Users\orange\.m2\repository\org\seleniumhq\selenium\selenium-opera-driver\3.141.59\selenium-opera-driver-3.141.59.jar;C:\Users\orange\.m2\repository\org\seleniumhq\selenium\selenium-remote-driver\3.141.59\selenium-remote-driver-3.141.59.jar;C:\Users\orange\.m2\repository\org\seleniumhq\selenium\selenium-safari-driver\3.141.59\selenium-safari-driver-3.141.59.jar;C:\Users\orange\.m2\repository\org\seleniumhq\selenium\selenium-support\3.141.59\selenium-support-3.141.59.jar;C:\Users\orange\.m2\repository\net\bytebuddy\byte-buddy\1.8.15\byte-buddy-1.8.15.jar;C:\Users\orange\.m2\repository\org\apache\commons\commons-exec\1.3\commons-exec-1.3.jar;C:\Users\orange\.m2\repository\com\google\guava\guava\25.0-jre\guava-25.0-jre.jar;C:\Users\orange\.m2\repository\com\google\code\findbugs\jsr305\1.3.9\jsr305-1.3.9.jar;C:\Users\orange\.m2\repository\org\checkerframework\checker-compat-qual\2.0.0\checker-compat-qual-2.0.0.jar;C:\Users\orange\.m2\repository\com\google\errorprone\error_prone_annotations\2.1.3\error_prone_annotations-2.1.3.jar;C:\Users\orange\.m2\repository\com\google\j2objc\j2objc-annotations\1.1\j2objc-annotations-1.1.jar;C:\Users\orange\.m2\repository\org\codehaus\mojo\animal-sniffer-annotations\1.14\animal-sniffer-annotations-1.14.jar;C:\Users\orange\.m2\repository\com\squareup\okhttp3\okhttp\3.11.0\okhttp-3.11.0.jar;C:\Users\orange\.m2\repository\com\squareup\okio\okio\1.14.0\okio-1.14.0.jar;C:\Users\orange\.m2\repository\org\testng\testng\6.14.3\testng-6.14.3.jar;C:\Users\orange\.m2\repository\com\beust\jcommander\1.72\jcommander-1.72.jar;C:\Users\orange\.m2\repository\org\apache-extras\beanshell\bsh\2.0b6\bsh-2.0b6.jar;C:\Users\orange\.m2\repository\org\apache\poi\poi\3.16\poi-3.16.jar;C:\Users\orange\.m2\repository\commons-codec\commons-codec\1.10\commons-codec-1.10.jar;C:\Users\orange\.m2\repository\org\apache\commons\commons-collections4\4.1\commons-collections4-4.1.jar;C:\Users\orange\.m2\repository\org\apache\poi\poi-ooxml\3.16\poi-ooxml-3.16.jar;C:\Users\orange\.m2\repository\org\apache\poi\poi-ooxml-schemas\3.16\poi-ooxml-schemas-3.16.jar;C:\Users\orange\.m2\repository\org\apache\xmlbeans\xmlbeans\2.6.0\xmlbeans-2.6.0.jar;C:\Users\orange\.m2\repository\stax\stax-api\1.0.1\stax-api-1.0.1.jar;C:\Users\orange\.m2\repository\com\github\virtuald\curvesapi\1.04\curvesapi-1.04.jar;C:\Users\orange\.m2\repository\log4j\log4j\1.2.17\log4j-1.2.17.jar;C:\Users\orange\.m2\repository\com\aventstack\extentreports\3.1.2\extentreports-3.1.2.jar;C:\Users\orange\.m2\repository\org\freemarker\freemarker\2.3.23\freemarker-2.3.23.jar;C:\Users\orange\.m2\repository\org\mongodb\mongodb-driver\3.3.0\mongodb-driver-3.3.0.jar;C:\Users\orange\.m2\repository\org\mongodb\bson\3.3.0\bson-3.3.0.jar;C:\Users\orange\.m2\repository\org\mongodb\mongodb-driver-core\3.3.0\mongodb-driver-core-3.3.0.jar;C:\Users\orange\.m2\repository\org\apache\httpcomponents\httpclient\4.5.2\httpclient-4.5.2.jar;C:\Users\orange\.m2\repository\org\apache\httpcomponents\httpcore\4.4.4\httpcore-4.4.4.jar;C:\Users\orange\.m2\repository\commons-logging\commons-logging\1.2\commons-logging-1.2.jar;C:\Users\orange\.m2\repository\org\apache\httpcomponents\httpmime\4.5.2\httpmime-4.5.2.jar;C:\Users\orange\.m2\repository\org\jsoup\jsoup\1.9.2\jsoup-1.9.2.jar;C:\Users\orange\.m2\repository\com\google\code\gson\gson\2.8.0\gson-2.8.0.jar;"/>
    <property name="java.vm.vendor" value="Oracle Corporation"/>
    <property name="sun.arch.data.model" value="64"/>
    <property name="user.variant" value=""/>
    <property name="java.vendor.url" value="http://java.oracle.com/"/>
    <property name="user.timezone" value="Asia/Calcutta"/>
    <property name="java.vm.specification.version" value="1.8"/>
    <property name="os.name" value="Windows 10"/>
    <property name="user.country" value="IN"/>
    <property name="sun.java.launcher" value="SUN_STANDARD"/>
    <property name="sun.boot.library.path" value="C:\Program Files\Java\jdk1.8.0_241\jre\bin"/>
    <property name="sun.java.command" value="C:\Users\orange\AppData\Local\Temp\surefire3790808916595952977\surefirebooter7635093659785570052.jar C:\Users\orange\AppData\Local\Temp\surefire3790808916595952977 2020-10-11T13-05-27_239-jvmRun1 surefire5905514879952226273tmp surefire_08312118272654580528tmp"/>
    <property name="testngFile" value="testng.xml"/>
    <property name="surefire.test.class.path" value="C:\Users\orange\eclipse-workspace\Selenium_Test_Framework\target\test-classes;C:\Users\orange\eclipse-workspace\Selenium_Test_Framework\target\classes;C:\Users\orange\.m2\repository\junit\junit\3.8.1\junit-3.8.1.jar;C:\Users\orange\.m2\repository\org\seleniumhq\selenium\selenium-java\3.141.59\selenium-java-3.141.59.jar;C:\Users\orange\.m2\repository\org\seleniumhq\selenium\selenium-api\3.141.59\selenium-api-3.141.59.jar;C:\Users\orange\.m2\repository\org\seleniumhq\selenium\selenium-chrome-driver\3.141.59\selenium-chrome-driver-3.141.59.jar;C:\Users\orange\.m2\repository\org\seleniumhq\selenium\selenium-edge-driver\3.141.59\selenium-edge-driver-3.141.59.jar;C:\Users\orange\.m2\repository\org\seleniumhq\selenium\selenium-firefox-driver\3.141.59\selenium-firefox-driver-3.141.59.jar;C:\Users\orange\.m2\repository\org\seleniumhq\selenium\selenium-ie-driver\3.141.59\selenium-ie-driver-3.141.59.jar;C:\Users\orange\.m2\repository\org\seleniumhq\selenium\selenium-opera-driver\3.141.59\selenium-opera-driver-3.141.59.jar;C:\Users\orange\.m2\repository\org\seleniumhq\selenium\selenium-remote-driver\3.141.59\selenium-remote-driver-3.141.59.jar;C:\Users\orange\.m2\repository\org\seleniumhq\selenium\selenium-safari-driver\3.141.59\selenium-safari-driver-3.141.59.jar;C:\Users\orange\.m2\repository\org\seleniumhq\selenium\selenium-support\3.141.59\selenium-support-3.141.59.jar;C:\Users\orange\.m2\repository\net\bytebuddy\byte-buddy\1.8.15\byte-buddy-1.8.15.jar;C:\Users\orange\.m2\repository\org\apache\commons\commons-exec\1.3\commons-exec-1.3.jar;C:\Users\orange\.m2\repository\com\google\guava\guava\25.0-jre\guava-25.0-jre.jar;C:\Users\orange\.m2\repository\com\google\code\findbugs\jsr305\1.3.9\jsr305-1.3.9.jar;C:\Users\orange\.m2\repository\org\checkerframework\checker-compat-qual\2.0.0\checker-compat-qual-2.0.0.jar;C:\Users\orange\.m2\repository\com\google\errorprone\error_prone_annotations\2.1.3\error_prone_annotations-2.1.3.jar;C:\Users\orange\.m2\repository\com\google\j2objc\j2objc-annotations\1.1\j2objc-annotations-1.1.jar;C:\Users\orange\.m2\repository\org\codehaus\mojo\animal-sniffer-annotations\1.14\animal-sniffer-annotations-1.14.jar;C:\Users\orange\.m2\repository\com\squareup\okhttp3\okhttp\3.11.0\okhttp-3.11.0.jar;C:\Users\orange\.m2\repository\com\squareup\okio\okio\1.14.0\okio-1.14.0.jar;C:\Users\orange\.m2\repository\org\testng\testng\6.14.3\testng-6.14.3.jar;C:\Users\orange\.m2\repository\com\beust\jcommander\1.72\jcommander-1.72.jar;C:\Users\orange\.m2\repository\org\apache-extras\beanshell\bsh\2.0b6\bsh-2.0b6.jar;C:\Users\orange\.m2\repository\org\apache\poi\poi\3.16\poi-3.16.jar;C:\Users\orange\.m2\repository\commons-codec\commons-codec\1.10\commons-codec-1.10.jar;C:\Users\orange\.m2\repository\org\apache\commons\commons-collections4\4.1\commons-collections4-4.1.jar;C:\Users\orange\.m2\repository\org\apache\poi\poi-ooxml\3.16\poi-ooxml-3.16.jar;C:\Users\orange\.m2\repository\org\apache\poi\poi-ooxml-schemas\3.16\poi-ooxml-schemas-3.16.jar;C:\Users\orange\.m2\repository\org\apache\xmlbeans\xmlbeans\2.6.0\xmlbeans-2.6.0.jar;C:\Users\orange\.m2\repository\stax\stax-api\1.0.1\stax-api-1.0.1.jar;C:\Users\orange\.m2\repository\com\github\virtuald\curvesapi\1.04\curvesapi-1.04.jar;C:\Users\orange\.m2\repository\log4j\log4j\1.2.17\log4j-1.2.17.jar;C:\Users\orange\.m2\repository\com\aventstack\extentreports\3.1.2\extentreports-3.1.2.jar;C:\Users\orange\.m2\repository\org\freemarker\freemarker\2.3.23\freemarker-2.3.23.jar;C:\Users\orange\.m2\repository\org\mongodb\mongodb-driver\3.3.0\mongodb-driver-3.3.0.jar;C:\Users\orange\.m2\repository\org\mongodb\bson\3.3.0\bson-3.3.0.jar;C:\Users\orange\.m2\repository\org\mongodb\mongodb-driver-core\3.3.0\mongodb-driver-core-3.3.0.jar;C:\Users\orange\.m2\repository\org\apache\httpcomponents\httpclient\4.5.2\httpclient-4.5.2.jar;C:\Users\orange\.m2\repository\org\apache\httpcomponents\httpcore\4.4.4\httpcore-4.4.4.jar;C:\Users\orange\.m2\repository\commons-logging\commons-logging\1.2\commons-logging-1.2.jar;C:\Users\orange\.m2\repository\org\apache\httpcomponents\httpmime\4.5.2\httpmime-4.5.2.jar;C:\Users\orange\.m2\repository\org\jsoup\jsoup\1.9.2\jsoup-1.9.2.jar;C:\Users\orange\.m2\repository\com\google\code\gson\gson\2.8.0\gson-2.8.0.jar;"/>
    <property name="sun.cpu.endian" value="little"/>
    <property name="user.home" value="C:\Users\orange"/>
    <property name="user.language" value="en"/>
    <property name="java.specification.vendor" value="Oracle Corporation"/>
    <property name="java.home" value="C:\Program Files\Java\jdk1.8.0_241\jre"/>
    <property name="basedir" value="C:\Users\orange\eclipse-workspace\Selenium_Test_Framework"/>
    <property name="file.separator" value="\"/>
    <property name="line.separator" value="&#10;"/>
    <property name="java.vm.specification.vendor" value="Oracle Corporation"/>
    <property name="java.specification.name" value="Java Platform API Specification"/>
    <property name="java.awt.graphicsenv" value="sun.awt.Win32GraphicsEnvironment"/>
    <property name="surefire.real.class.path" value="C:\Users\orange\AppData\Local\Temp\surefire3790808916595952977\surefirebooter7635093659785570052.jar"/>
    <property name="sun.boot.class.path" value="C:\Program Files\Java\jdk1.8.0_241\jre\lib\resources.jar;C:\Program Files\Java\jdk1.8.0_241\jre\lib\rt.jar;C:\Program Files\Java\jdk1.8.0_241\jre\lib\sunrsasign.jar;C:\Program Files\Java\jdk1.8.0_241\jre\lib\jsse.jar;C:\Program Files\Java\jdk1.8.0_241\jre\lib\jce.jar;C:\Program Files\Java\jdk1.8.0_241\jre\lib\charsets.jar;C:\Program Files\Java\jdk1.8.0_241\jre\lib\jfr.jar;C:\Program Files\Java\jdk1.8.0_241\jre\classes"/>
    <property name="user.script" value=""/>
    <property name="sun.management.compiler" value="HotSpot 64-Bit Tiered Compilers"/>
    <property name="java.runtime.version" value="1.8.0_241-b07"/>
    <property name="user.name" value="orange"/>
    <property name="path.separator" value=";"/>
    <property name="os.version" value="10.0"/>
    <property name="java.endorsed.dirs" value="C:\Program Files\Java\jdk1.8.0_241\jre\lib\endorsed"/>
    <property name="java.runtime.name" value="Java(TM) SE Runtime Environment"/>
    <property name="file.encoding" value="Cp1252"/>
    <property name="java.vm.name" value="Java HotSpot(TM) 64-Bit Server VM"/>
    <property name="localRepository" value="C:\Users\orange\.m2\repository"/>
    <property name="java.vendor.url.bug" value="http://bugreport.sun.com/bugreport/"/>
    <property name="java.io.tmpdir" value="C:\Users\orange\AppData\Local\Temp\"/>
    <property name="java.version" value="1.8.0_241"/>
    <property name="user.dir" value="C:\Users\orange\eclipse-workspace\Selenium_Test_Framework"/>
    <property name="os.arch" value="amd64"/>
    <property name="java.vm.specification.name" value="Java Virtual Machine Specification"/>
    <property name="java.awt.printerjob" value="sun.awt.windows.WPrinterJob"/>
    <property name="sun.os.patch.level" value=""/>
    <property name="java.library.path" value="C:\Program Files\Java\jdk1.8.0_241\jre\bin;C:\WINDOWS\Sun\Java\bin;C:\WINDOWS\system32;C:\WINDOWS;C:\Program Files (x86)\Common Files\Oracle\Java\javapath;C:\Program Files (x86)\Intel\Intel(R) Management Engine Components\iCLS\;C:\Program Files\Intel\Intel(R) Management Engine Components\iCLS\;C:\WINDOWS\system32;C:\WINDOWS;C:\WINDOWS\System32\Wbem;C:\WINDOWS\System32\WindowsPowerShell\v1.0\;C:\WINDOWS\System32\OpenSSH\;C:\Program Files (x86)\Intel\Intel(R) Management Engine Components\DAL;C:\Program Files\Intel\Intel(R) Management Engine Components\DAL;C:\Program Files (x86)\Intel\Intel(R) Management Engine Components\IPT;C:\Program Files\Intel\Intel(R) Management Engine Components\IPT;C:\Program Files\Git\cmd;C:\Program Files (x86)\Microsoft SQL Server\150\DTS\Binn\;C:\Program Files\PuTTY\;C:\Program Files\Java\jdk1.8.0_241\bin;C:\Program Files\Java\jdk1.8.0_241\lib;C:\Users\orange\AppData\Local\Android\Sdk\tools\bin;C:\Users\orange\AppData\Local\Android\Sdk\tools;C:\Users\orange\AppData\Local\Android\Sdk\platform-tools;C:\Users\orange\AppData\Local\Android\Sdk\tools\lib;C:\Users\orange\AppData\Local\Programs\Python\Python38-32;C:\Users\orange\AppData\Local\Programs\Python\Python38-32\Scripts;C:\Program Files (x86)\Windows Live\Shared;C:\Program Files\apache-maven-3.6.0\bin;C:\Users\orange\AppData\Local\Programs\Python\Python38-32\Scripts\;C:\Users\orange\AppData\Local\Programs\Python\Python38-32\;C:\Users\orange\AppData\Local\Microsoft\WindowsApps;C:\Program Files (x86)\Sophos\Sophos SSL VPN Client\bin;C:\Users\orange\AppData\Local\Programs\Fiddler;C:\Users\orange\AppData\Local\Microsoft\WindowsApps;."/>
    <property name="java.vm.info" value="mixed mode"/>
    <property name="java.vendor" value="Oracle Corporation"/>
    <property name="java.vm.version" value="25.241-b07"/>
    <property name="java.ext.dirs" value="C:\Program Files\Java\jdk1.8.0_241\jre\lib\ext;C:\WINDOWS\Sun\Java\lib\ext"/>
    <property name="sun.io.unicode.encoding" value="UnicodeLittle"/>
    <property name="java.class.version" value="52.0"/>
  </properties>
  <testcase name="signin" classname="com.practice.testcases.TC_test_01" time="21.744">
    <system-out><![CDATA[ INFO [TestNG-test=User Registration-1] (BaseClass.java:78)- URL Opned
 INFO [TestNG-test=User Registration-1] (TC_test_01.java:33)- **************Test Case 'TC_test_01' is started****************
 INFO [TestNG-test=User Registration-1] (TC_test_01.java:37)- Clicked on Navigation icon
 INFO [TestNG-test=User Registration-1] (TC_test_01.java:41)- Clicked on Sign in button
 INFO [TestNG-test=User Registration-1] (TC_test_01.java:45)- Clicked on "Create an Account" button
 INFO [TestNG-test=User Registration-1] (TC_test_01.java:51)- User name is entered
 INFO [TestNG-test=User Registration-1] (TC_test_01.java:55)- Email id is entered
 INFO [TestNG-test=User Registration-1] (TC_test_01.java:59)- Clicked in country code button
 INFO [TestNG-test=User Registration-1] (TC_test_01.java:63)- +91 is selected as country code
 INFO [TestNG-test=User Registration-1] (TC_test_01.java:67)- Mobile number is entered
 INFO [TestNG-test=User Registration-1] (TC_test_01.java:71)- Password is entered
 INFO [TestNG-test=User Registration-1] (TC_test_01.java:73)- 

]]></system-out>
    <system-err><![CDATA[log4j:WARN File option not set for appender [TTCC].
log4j:WARN Are you using FileAppender instead of ConsoleAppender?
Starting ChromeDriver 2.42.591088 (7b2b2dca23cca0862f674758c9a3933e685c27d5) on port 44869
Only local connections are allowed.
[1602401739.150][WARNING]: Timed out connecting to Chrome, retrying...
Oct 11, 2020 1:05:41 PM org.openqa.selenium.remote.ProtocolHandshake createSession
INFO: Detected dialect: OSS
[1602401743.400][WARNING]: Timed out connecting to Chrome, retrying...
log4j:ERROR No output stream or file set for the appender named [TTCC].
]]></system-err>
  </testcase>
  <testcase name="profuct_flow" classname="com.practice.testcases.TC_test_02" time="40.718">
    <system-out><![CDATA[ INFO [TestNG-test=User Registration-1] (BaseClass.java:78)- URL Opned
 INFO [TestNG-test=User Registration-1] (TC_test_02.java:24)- *********Test Case 'TC_test_02' is started***********
 INFO [TestNG-test=User Registration-1] (TC_test_02.java:28)- Clicked on "Computer" button
 INFO [TestNG-test=User Registration-1] (TC_test_02.java:32)- Hover over "Cameras" button
 INFO [TestNG-test=User Registration-1] (TC_test_02.java:36)- Clicked on "Nikon" button
 INFO [TestNG-test=User Registration-1] (TC_test_02.java:40)- Clicked on first product
 INFO [TestNG-test=User Registration-1] (TC_test_02.java:44)- Click on "Buy Now" button
 INFO [TestNG-test=User Registration-1] (TC_test_02.java:47)- 

]]></system-out>
    <system-err><![CDATA[log4j:WARN File option not set for appender [TTCC].
log4j:WARN Are you using FileAppender instead of ConsoleAppender?
Starting ChromeDriver 2.42.591088 (7b2b2dca23cca0862f674758c9a3933e685c27d5) on port 23229
Only local connections are allowed.
[1602401785.741][WARNING]: Timed out connecting to Chrome, retrying...
Oct 11, 2020 1:06:27 PM org.openqa.selenium.remote.ProtocolHandshake createSession
INFO: Detected dialect: OSS
[1602401789.798][WARNING]: Timed out connecting to Chrome, retrying...
log4j:ERROR No output stream or file set for the appender named [TTCC].
]]></system-err>
  </testcase>
</testsuite>