<?xml version="1.0" encoding="UTF-8"?>
<!-- Generated by org.testng.reporters.JUnitReportReporter -->
<testsuite hostname="orangelt070" failures="0" tests="1" name="com.practice.testcases.TC_test_01" time="12.757" errors="0" timestamp="2021-05-14T22:33:50 IST" skipped="0">
  <testcase classname="com.practice.testcases.TC_test_01" name="signin" time="12.757"/>
  <system-out/>
</testsuite> <!-- com.practice.testcases.TC_test_01 -->
