<?xml version="1.0" encoding="UTF-8"?>
<!-- Generated by org.testng.reporters.JUnitReportReporter -->
<testsuite skipped="0" hostname="orangelt070" name="com.pvr.testcases.test" tests="1" failures="0" timestamp="06 Jun 2020 17:25:04 GMT" time="0.035" errors="0">
  <testcase name="tc" time="0.035" classname="com.pvr.testcases.test"/>
</testsuite> <!-- com.pvr.testcases.test -->
