<?xml version="1.0" encoding="UTF-8"?>
<!-- Generated by org.testng.reporters.JUnitReportReporter -->
<testsuite hostname="Orangelt0253" failures="0" tests="1" name="com.practice.testcases.Testing" time="0.009" errors="0" timestamp="2022-05-26T22:06:53 IST" skipped="0">
  <testcase classname="com.practice.testcases.Testing" name="tes" time="0.009"/>
  <system-out/>
</testsuite> <!-- com.practice.testcases.Testing -->
