<?xml version="1.0" encoding="UTF-8"?>
<!-- Generated by org.testng.reporters.JUnitReportReporter -->
<testsuite skipped="0" hostname="orangelt070" name="com.practice.testcases.TC_test_01" tests="1" failures="0" timestamp="21 Sep 2020 12:56:49 GMT" time="11.761" errors="0">
  <testcase name="signin" time="11.761" classname="com.practice.testcases.TC_test_01"/>
</testsuite> <!-- com.practice.testcases.TC_test_01 -->
