<?xml version="1.0" encoding="UTF-8"?>
<!-- Generated by org.testng.reporters.JUnitReportReporter -->
<testsuite skipped="0" hostname="orangelt070" name="Ecomautomationpractice.ecomautomationpractice.Test2" tests="1" failures="0" timestamp="05 Jun 2020 17:57:04 GMT" time="0.025" errors="0">
  <testcase name="tcc" time="0.025" classname="Ecomautomationpractice.ecomautomationpractice.Test2"/>
</testsuite> <!-- Ecomautomationpractice.ecomautomationpractice.Test2 -->
