<?xml version="1.0" encoding="UTF-8"?>
<!-- Generated by org.testng.reporters.JUnitReportReporter -->
<testsuite skipped="0" hostname="orangelt070" name="com.practice.testcases.Testcase" tests="1" failures="0" timestamp="2020-11-30T16:07:26 IST" time="0.008" errors="0">
  <testcase name="tc" time="0.008" classname="com.practice.testcases.Testcase"/>
  <system-out/>
</testsuite> <!-- com.practice.testcases.Testcase -->
