<?xml version="1.0" encoding="UTF-8"?>
<!-- Generated by org.testng.reporters.JUnitReportReporter -->
<testsuite hostname="Orangelt0253" failures="0" tests="1" name="com.practice.testcases.TC_test_02" time="17.385" errors="0" timestamp="2022-05-27T06:52:40 IST" skipped="0">
  <testcase classname="com.practice.testcases.TC_test_02" name="profuct_flow" time="17.385"/>
  <system-out/>
</testsuite> <!-- com.practice.testcases.TC_test_02 -->
