<?xml version="1.0" encoding="UTF-8"?>
<!-- Generated by org.testng.reporters.JUnitReportReporter -->
<testsuite skipped="0" hostname="orangelt070" name="com.practice.testcases.TC_test_01" tests="1" failures="0" timestamp="04 Oct 2020 10:35:28 GMT" time="58.510" errors="0">
  <testcase name="signin" time="58.510" classname="com.practice.testcases.TC_test_01"/>
</testsuite> <!-- com.practice.testcases.TC_test_01 -->
