<?xml version="1.0" encoding="UTF-8"?>
<!-- Generated by org.testng.reporters.JUnitReportReporter -->
<testsuite hostname="orangelt070" failures="0" tests="1" name="com.practice.testcases.TC_test_01" time="12.987" errors="0" timestamp="14 May 2021 17:14:54 GMT" skipped="0">
  <testcase classname="com.practice.testcases.TC_test_01" name="signin" time="12.987"/>
</testsuite> <!-- com.practice.testcases.TC_test_01 -->
