<?xml version="1.0" encoding="UTF-8"?>
<!-- Generated by org.testng.reporters.JUnitReportReporter -->
<testsuite skipped="0" hostname="orangelt070" name="com.practice.testcases.TC_test_01" tests="1" failures="0" timestamp="11 Oct 2020 07:37:24 GMT" time="22.536" errors="0">
  <testcase name="signin" time="22.536" classname="com.practice.testcases.TC_test_01"/>
</testsuite> <!-- com.practice.testcases.TC_test_01 -->
