<?xml version="1.0" encoding="UTF-8"?>
<!-- Generated by org.testng.reporters.JUnitReportReporter -->
<testsuite skipped="0" hostname="orangelt070" name="com.practice.testcases.TC_test_02" tests="1" failures="0" timestamp="22 Sep 2020 07:31:05 GMT" time="28.326" errors="0">
  <testcase name="profuct_flow" time="28.326" classname="com.practice.testcases.TC_test_02"/>
</testsuite> <!-- com.practice.testcases.TC_test_02 -->
